<?xml version="1.0" encoding="UTF-8"?>
<robot generator="Robot 6.1.1 (Python 3.11.3 on win32)" generated="20240215 12:19:38.572" rpa="false" schemaversion="4">
<suite id="s1" name="Flipkart" source="C:\Users\SPURGE\PycharmProjects\RobotFramework_API\TestCases\Flipkart.robot">
<test id="s1-t1" name="Automate Flipkart" line="55">
<kw name="Launch Flipkart Application">
<kw name="Open Browser" library="SeleniumLibrary">
<arg>${URL}</arg>
<arg>Chrome</arg>
<doc>Opens a new browser instance to the optional ``url``.</doc>
<msg timestamp="20240215 12:19:39.015" level="INFO">Opening browser 'Chrome' to base url 'https://www.flipkart.com/'.</msg>
<status status="PASS" starttime="20240215 12:19:39.014" endtime="20240215 12:19:43.298"/>
</kw>
<kw name="Maximize Browser Window" library="SeleniumLibrary">
<doc>Maximizes current browser window.</doc>
<status status="PASS" starttime="20240215 12:19:43.299" endtime="20240215 12:19:43.722"/>
</kw>
<kw name="Set Selenium Implicit Wait" library="SeleniumLibrary">
<arg>10s</arg>
<doc>Sets the implicit wait value used by Selenium.</doc>
<status status="PASS" starttime="20240215 12:19:43.723" endtime="20240215 12:19:43.747"/>
</kw>
<status status="PASS" starttime="20240215 12:19:39.013" endtime="20240215 12:19:43.747"/>
</kw>
<kw name="go to the Element">
<kw name="Sleep" library="BuiltIn">
<arg>5s</arg>
<doc>Pauses the test executed for the given time.</doc>
<msg timestamp="20240215 12:19:48.751" level="INFO">Slept 5 seconds</msg>
<status status="PASS" starttime="20240215 12:19:43.749" endtime="20240215 12:19:48.752"/>
</kw>
<kw name="Mouse Over" library="SeleniumLibrary">
<arg>${Electronics}</arg>
<doc>Simulates hovering the mouse over the element ``locator``.</doc>
<msg timestamp="20240215 12:19:48.755" level="INFO">Simulating Mouse Over on element 'xpath=//div[@aria-label="Electronics"]'.</msg>
<status status="PASS" starttime="20240215 12:19:48.752" endtime="20240215 12:19:49.120"/>
</kw>
<kw name="Sleep" library="BuiltIn">
<arg>2s</arg>
<doc>Pauses the test executed for the given time.</doc>
<msg timestamp="20240215 12:19:51.122" level="INFO">Slept 2 seconds</msg>
<status status="PASS" starttime="20240215 12:19:49.120" endtime="20240215 12:19:51.122"/>
</kw>
<kw name="Mouse Over" library="SeleniumLibrary">
<arg>${Gaming}</arg>
<doc>Simulates hovering the mouse over the element ``locator``.</doc>
<msg timestamp="20240215 12:19:51.126" level="INFO">Simulating Mouse Over on element 'xpath=//a[text()='Gaming']'.</msg>
<status status="PASS" starttime="20240215 12:19:51.123" endtime="20240215 12:19:51.486"/>
</kw>
<kw name="Sleep" library="BuiltIn">
<arg>2s</arg>
<doc>Pauses the test executed for the given time.</doc>
<msg timestamp="20240215 12:19:53.488" level="INFO">Slept 2 seconds</msg>
<status status="PASS" starttime="20240215 12:19:51.487" endtime="20240215 12:19:53.488"/>
</kw>
<kw name="Mouse Over" library="SeleniumLibrary">
<arg>${GamingMouse}</arg>
<doc>Simulates hovering the mouse over the element ``locator``.</doc>
<msg timestamp="20240215 12:19:53.490" level="INFO">Simulating Mouse Over on element 'xpath=//a[text()='Gaming Mouse']'.</msg>
<status status="PASS" starttime="20240215 12:19:53.489" endtime="20240215 12:19:53.798"/>
</kw>
<kw name="Sleep" library="BuiltIn">
<arg>2s</arg>
<doc>Pauses the test executed for the given time.</doc>
<msg timestamp="20240215 12:19:55.799" level="INFO">Slept 2 seconds</msg>
<status status="PASS" starttime="20240215 12:19:53.798" endtime="20240215 12:19:55.799"/>
</kw>
<kw name="Click Element" library="SeleniumLibrary">
<arg>${GamingMouse}</arg>
<doc>Click the element identified by ``locator``.</doc>
<msg timestamp="20240215 12:19:55.801" level="INFO">Clicking element 'xpath=//a[text()='Gaming Mouse']'.</msg>
<status status="PASS" starttime="20240215 12:19:55.800" endtime="20240215 12:19:58.746"/>
</kw>
<status status="PASS" starttime="20240215 12:19:43.748" endtime="20240215 12:19:58.747"/>
</kw>
<kw name="Getting Text of Elements">
<kw name="Get WebElements" library="SeleniumLibrary">
<var>@{elements1}</var>
<arg>//a[@class="s1Q9rs"]</arg>
<doc>Returns a list of WebElement objects matching the ``locator``.</doc>
<msg timestamp="20240215 12:19:58.826" level="INFO">@{elements1} = [ &lt;selenium.webdriver.remote.webelement.WebElement (session="3b9376624ba3e27fa20862c20a143fa3", element="4B822C78AA62DA23BD669D145F647969_element_232")&gt; | &lt;selenium.webdriver.remote.webelement.WebElem...</msg>
<status status="PASS" starttime="20240215 12:19:58.748" endtime="20240215 12:19:58.826"/>
</kw>
<kw name="Log" library="BuiltIn">
<arg>${elements1.count}</arg>
<doc>Logs the given message with the given level.</doc>
<msg timestamp="20240215 12:19:58.827" level="INFO">&lt;built-in method count of list object at 0x000001DE746471C0&gt;</msg>
<status status="PASS" starttime="20240215 12:19:58.826" endtime="20240215 12:19:58.827"/>
</kw>
<kw name="Get Text" library="SeleniumLibrary">
<var>${product_Name}</var>
<arg>${product}</arg>
<doc>Returns the text value of the element identified by ``locator``.</doc>
<msg timestamp="20240215 12:19:58.867" level="INFO">${product_Name} = HP M120 /6 programm. buttons,1 AA battery gives upto 12...</msg>
<status status="PASS" starttime="20240215 12:19:58.827" endtime="20240215 12:19:58.867"/>
</kw>
<kw name="Input Text" library="SeleniumLibrary">
<arg>${searchBar}</arg>
<arg>${product_Name}</arg>
<doc>Types the given ``text`` into the text field identified by ``locator``.</doc>
<msg timestamp="20240215 12:19:58.868" level="INFO">Typing text 'HP M120 /6 programm. buttons,1 AA battery gives upto 12...' into text field 'xpath=//input[@name='q']'.</msg>
<status status="PASS" starttime="20240215 12:19:58.867" endtime="20240215 12:19:59.220"/>
</kw>
<kw name="Click Element" library="SeleniumLibrary">
<arg>${search}</arg>
<doc>Click the element identified by ``locator``.</doc>
<msg timestamp="20240215 12:19:59.222" level="INFO">Clicking element 'xpath=//button[@type="submit"]'.</msg>
<status status="PASS" starttime="20240215 12:19:59.221" endtime="20240215 12:20:00.102"/>
</kw>
<kw name="Get WebElements" library="SeleniumLibrary">
<var>@{elements}</var>
<arg>//a[@class="s1Q9rs"]</arg>
<doc>Returns a list of WebElement objects matching the ``locator``.</doc>
<msg timestamp="20240215 12:20:10.179" level="INFO">@{elements} = [ ]</msg>
<status status="PASS" starttime="20240215 12:20:00.103" endtime="20240215 12:20:10.179"/>
</kw>
<kw name="Get Element Count" library="SeleniumLibrary">
<var>${eleCount}</var>
<arg>//a[@class="s1Q9rs"]</arg>
<doc>Returns the number of elements matching ``locator``.</doc>
<msg timestamp="20240215 12:20:20.209" level="INFO">${eleCount} = 0</msg>
<status status="PASS" starttime="20240215 12:20:10.180" endtime="20240215 12:20:20.210"/>
</kw>
<kw name="Log" library="BuiltIn">
<arg>${eleCount}</arg>
<doc>Logs the given message with the given level.</doc>
<msg timestamp="20240215 12:20:20.210" level="INFO">0</msg>
<status status="PASS" starttime="20240215 12:20:20.210" endtime="20240215 12:20:20.210"/>
</kw>
<for flavor="IN RANGE">
<var>${eleIndex}</var>
<value>${eleCount}:</value>
<iter>
<var name="${eleIndex}"/>
<kw name="Get Element Attribute" library="SeleniumLibrary">
<var>${text}</var>
<arg>(${elements})[${eleIndex+1}]</arg>
<arg>title</arg>
<doc>Returns the value of ``attribute`` from the element ``locator``.</doc>
<status status="NOT RUN" starttime="20240215 12:20:20.211" endtime="20240215 12:20:20.211"/>
</kw>
<if>
<branch type="IF" condition="${text} == ${product_Name}:">
<kw name="Click Element" library="SeleniumLibrary">
<arg>${elements}</arg>
<doc>Click the element identified by ``locator``.</doc>
<status status="NOT RUN" starttime="20240215 12:20:20.211" endtime="20240215 12:20:20.211"/>
</kw>
<kw name="Log" library="BuiltIn">
<arg>Product matched</arg>
<doc>Logs the given message with the given level.</doc>
<status status="NOT RUN" starttime="20240215 12:20:20.212" endtime="20240215 12:20:20.212"/>
</kw>
<break>
<status status="NOT RUN" starttime="20240215 12:20:20.212" endtime="20240215 12:20:20.212"/>
</break>
<status status="NOT RUN" starttime="20240215 12:20:20.211" endtime="20240215 12:20:20.212"/>
</branch>
<status status="NOT RUN" starttime="20240215 12:20:20.211" endtime="20240215 12:20:20.212"/>
</if>
<status status="NOT RUN" starttime="20240215 12:20:20.211" endtime="20240215 12:20:20.212"/>
</iter>
<msg timestamp="20240215 12:20:20.212" level="FAIL">Converting FOR IN RANGE values failed: SyntaxError: invalid syntax (&lt;string&gt;, line 1).</msg>
<status status="FAIL" starttime="20240215 12:20:20.210" endtime="20240215 12:20:20.212"/>
</for>
<status status="FAIL" starttime="20240215 12:19:58.747" endtime="20240215 12:20:20.213"/>
</kw>
<status status="FAIL" starttime="20240215 12:19:39.013" endtime="20240215 12:20:20.213">Converting FOR IN RANGE values failed: SyntaxError: invalid syntax (&lt;string&gt;, line 1).</status>
</test>
<status status="FAIL" starttime="20240215 12:19:38.579" endtime="20240215 12:20:20.214"/>
</suite>
<statistics>
<total>
<stat pass="0" fail="1" skip="0">All Tests</stat>
</total>
<tag>
</tag>
<suite>
<stat pass="0" fail="1" skip="0" id="s1" name="Flipkart">Flipkart</stat>
</suite>
</statistics>
<errors>
</errors>
</robot>
